<Event xmlns="http://schemas.microsoft.com/win/2004/08/events/event">
    <Event>
        <System>
            <Provider Name="Microsoft-Windows-GroupPolicy" Guid="{aea1b4fa-97d1-45f2-a64c-4d69fffd92c9}" /> 
            <EventID>1500</EventID> 
            <Version>0</Version> 
            <Level>4</Level> 
            <Task>0</Task> 
            <Opcode>1</Opcode> 
            <Keywords>0x8000000000000000</Keywords> 
            <TimeCreated SystemTime="2025-12-16T09:56:36.2797360Z" /> 
            <EventRecordID>20607</EventRecordID> 
            <Correlation ActivityID="{db4642eb-a396-49dc-8702-1c4603c4028f}" /> 
            <Execution ProcessID="2544" ThreadID="21132" /> 
            <Channel>System</Channel> 
            <Computer>UL200011772.ADLYON2.UNIV-LYON2.FR</Computer> 
            <Security UserID="S-1-5-18" /> 
        </System>
        <EventData>
        <Data Name="SupportInfo1">1</Data> 
        <Data Name="SupportInfo2">4447</Data> 
        <Data Name="ProcessingMode">0</Data> 
        <Data Name="ProcessingTimeInMilliseconds">12937</Data> 
        <Data Name="DCName">\\dcs22-p1.ADLYON2.UNIV-LYON2.FR</Data> 
        </EventData>
    </Event>

    <Event>
        <System>
            <Provider Name="Microsoft-Windows-Kernel-General" Guid="{a68ca8b7-004f-d7b6-a698-07e2de0f1f5d}" /> 
            <EventID>16</EventID> 
            <Version>0</Version> 
            <Level>4</Level> 
            <Task>0</Task> 
            <Opcode>0</Opcode> 
            <Keywords>0x8000000000000000</Keywords> 
            <TimeCreated SystemTime="2025-12-16T09:53:40.1480753Z" /> 
            <EventRecordID>20606</EventRecordID> 
            <Correlation /> 
            <Execution ProcessID="1812" ThreadID="6208" /> 
            <Channel>System</Channel> 
            <Computer>UL200011772.ADLYON2.UNIV-LYON2.FR</Computer> 
            <Security UserID="S-1-5-18" /> 
        </System>
        <EventData>
            <Data Name="HiveNameLength">166</Data> 
            <Data Name="HiveName">\??\C:\ProgramData\Packages\Microsoft.OneDriveSync_8wekyb3d8bbwe\S-1-5-21-515422283-4077433341-1561936192-369031\SystemAppData\Helium\Cache\54c1d134bd53ccde_COM15.dat</Data> 
            <Data Name="KeysUpdated">1</Data> 
            <Data Name="DirtyPages">1</Data> 
        </EventData>
    </Event>

    <Event>
        <System>
            <Provider Name="Microsoft-Windows-IsolatedUserMode" Guid="{73a33ab2-1966-4999-8add-868c41415269}" /> 
            <EventID>5</EventID> 
            <Version>0</Version> 
            <Level>4</Level> 
            <Task>0</Task> 
            <Opcode>0</Opcode> 
            <Keywords>0x8000400000000000</Keywords> 
            <TimeCreated SystemTime="2025-12-16T09:53:38.9882299Z" /> 
            <EventRecordID>20602</EventRecordID> 
            <Correlation /> 
            <Execution ProcessID="1956" ThreadID="3604" /> 
            <Channel>System</Channel> 
            <Computer>UL200011772.ADLYON2.UNIV-LYON2.FR</Computer> 
            <Security UserID="S-1-5-21-515422283-4077433341-1561936192-369031" /> 
        </System>
        <EventData>
            <Data Name="TrustletIdentity">0</Data> 
            <Data Name="NormalProcessId">0</Data> 
            <Data Name="Status">0</Data> 
            <Data Name="ImageName">NULL</Data> 
        </EventData>
    </Event>

    <Event>
        <System>
            <Provider Name="Microsoft-Windows-IsolatedUserMode" Guid="{73a33ab2-1966-4999-8add-868c41415269}" /> 
            <EventID>2</EventID> 
            <Version>0</Version> 
            <Level>4</Level> 
            <Task>0</Task> 
            <Opcode>0</Opcode> 
            <Keywords>0x8000400000000000</Keywords> 
            <TimeCreated SystemTime="2025-12-16T09:53:38.7212109Z" /> 
            <EventRecordID>20601</EventRecordID> 
            <Correlation /> 
            <Execution ProcessID="1696" ThreadID="4192" /> 
            <Channel>System</Channel> 
            <Computer>UL200011772.ADLYON2.UNIV-LYON2.FR</Computer> 
            <Security UserID="S-1-5-21-515422283-4077433341-1561936192-369031" /> 
        </System>
        <EventData>
            <Data Name="TrustletIdentity">0</Data> 
            <Data Name="NormalProcessId">0</Data> 
            <Data Name="Status">0</Data> 
        </EventData>
    </Event>

    <Event>
        <System>
            <Provider Name="Microsoft-Windows-Time-Service" Guid="{06edcfeb-0fd0-4e53-acca-a6f8bbf81bcb}" /> 
            <EventID>35</EventID> 
            <Version>0</Version> 
            <Level>4</Level> 
            <Task>0</Task> 
            <Opcode>0</Opcode> 
            <Keywords>0x8000000000000000</Keywords> 
            <TimeCreated SystemTime="2025-12-16T09:23:22.7940686Z" /> 
            <EventRecordID>20593</EventRecordID> 
            <Correlation /> 
            <Execution ProcessID="2628" ThreadID="27212" /> 
            <Channel>System</Channel> 
            <Computer>UL200011772.ADLYON2.UNIV-LYON2.FR</Computer> 
            <Security UserID="S-1-5-19" /> 
        </System>
        <EventData Name="TMP_EVENT_TIME_SOURCE_CHOSEN">
          <Data Name="TimeSource">temps.univ-lyon2.fr (ntp.m|0x0|0.0.0.0:123->159.84.145.131:123)</Data> 
          <Data Name="TimeSourceRefId">2207339679</Data> 
          <Data Name="CurrentStratumNumber">4</Data> 
        </EventData>
    </Event>

    <Event>
        <System>
          <Provider Name="Service Control Manager" Guid="{555908d1-a6d7-4695-8e1e-26931d2012f4}" EventSourceName="Service Control Manager" /> 
            <EventID Qualifiers="16384">7040</EventID> 
            <Version>0</Version> 
            <Level>4</Level> 
            <Task>0</Task> 
            <Opcode>0</Opcode> 
            <Keywords>0x8080000000000000</Keywords> 
            <TimeCreated SystemTime="2025-12-16T09:20:56.2454384Z" /> 
            <EventRecordID>20589</EventRecordID> 
            <Correlation /> 
            <Execution ProcessID="1940" ThreadID="21152" /> 
            <Channel>System</Channel> 
            <Computer>UL200011772.ADLYON2.UNIV-LYON2.FR</Computer> 
            <Security UserID="S-1-5-18" /> 
        </System>
        <EventData>
          <Data Name="param1">Service de transfert intelligent en arrière-plan</Data> 
          <Data Name="param2">Démarrage automatique</Data> 
          <Data Name="param3">Démarrage à la demande</Data> 
          <Data Name="param4">BITS</Data> 
        </EventData>
    </Event>

    <Event>
        <System>
            <Provider Name="Microsoft-Windows-DistributedCOM" Guid="{1B562E86-B7AA-4131-BADC-B6F3A001407E}" EventSourceName="DCOM" /> 
            <EventID Qualifiers="0">10016</EventID> 
            <Version>0</Version> 
            <Level>3</Level> 
            <Task>0</Task> 
            <Opcode>0</Opcode> 
            <Keywords>0x8080000000000000</Keywords> 
            <TimeCreated SystemTime="2025-12-16T09:18:47.2488104Z" /> 
            <EventRecordID>20588</EventRecordID> 
            <Correlation ActivityID="{1add10f3-651e-0000-fd4d-e21a1e65dc01}" /> 
            <Execution ProcessID="2128" ThreadID="27572" /> 
            <Channel>System</Channel> 
            <Computer>UL200011772.ADLYON2.UNIV-LYON2.FR</Computer> 
            <Security UserID="S-1-5-21-515422283-4077433341-1561936192-369031" /> 
        </System>
        <EventData>
            <Data Name="param1">propres à l’application</Data> 
            <Data Name="param2">Local</Data> 
            <Data Name="param3">Activation</Data> 
            <Data Name="param4">{2593F8B9-4EAF-457C-B68A-50F6B8EA6B54}</Data> 
            <Data Name="param5">{15C20B67-12E7-4BB6-92BB-7AFF07997402}</Data> 
            <Data Name="param6">ADLYON2</Data> 
            <Data Name="param7">tlecomte1</Data> 
            <Data Name="param8">S-1-5-21-515422283-4077433341-1561936192-369031</Data> 
            <Data Name="param9">LocalHost (avec LRPC)</Data> 
            <Data Name="param10">Non disponible</Data> 
            <Data Name="param11">Non disponible</Data> 
        </EventData>
    </Event>

    <Event xmlns="http://schemas.microsoft.com/win/2004/08/events/event">
        <System>
            <Provider Name="Microsoft-Windows-EnhancedPhishingProtection-Events" Guid="{e8abc5fb-bf87-5462-278d-1b5e18775a8f}" /> 
            <EventID>8265</EventID> 
            <Version>1</Version> 
            <Level>3</Level> 
            <Task>0</Task> 
            <Opcode>0</Opcode> 
            <Keywords>0x8000000000000000</Keywords> 
            <TimeCreated SystemTime="2025-12-16T09:07:40.4678640Z" /> 
            <EventRecordID>20581</EventRecordID> 
            <Correlation /> 
            <Execution ProcessID="14356" ThreadID="1956" /> 
            <Channel>System</Channel> 
            <Computer>UL200011772.ADLYON2.UNIV-LYON2.FR</Computer> 
            <Security UserID="S-1-5-19" /> 
        </System>
        <EventData>
            <Data Name="ThreatId">{d9499520-4607-468c-a5ea-f764fb80f885}</Data> 
            <Data Name="Verdict">PasswordReuse</Data> 
            <Data Name="UserSid">S-1-5-21-515422283-4077433341-1561936192-369031</Data> 
        </EventData>
    </Event>


    <Event xmlns="http://schemas.microsoft.com/win/2004/08/events/event">
        <System>
            <Provider Name="Microsoft-Windows-DNS-Client" Guid="{1c95126e-7eea-49a9-a3fe-a378b03ddb4d}" /> 
            <EventID>8020</EventID> 
            <Version>0</Version> 
            <Level>3</Level> 
            <Task>1028</Task> 
            <Opcode>0</Opcode> 
            <Keywords>0x4000000000000000</Keywords> 
            <TimeCreated SystemTime="2025-12-16T09:06:00.6840118Z" /> 
            <EventRecordID>20559</EventRecordID> 
            <Correlation /> 
            <Execution ProcessID="2788" ThreadID="11848" /> 
            <Channel>System</Channel> 
            <Computer>UL200011772.ADLYON2.UNIV-LYON2.FR</Computer> 
            <Security UserID="S-1-5-20" /> 
        </System>
        <EventData>
            <Data Name="AdapterName">{0538124C-2653-41E4-AB03-D52F12EE7CE1}</Data> 
            <Data Name="HostName">UL200011772</Data> 
            <Data Name="AdapterSuffixName">ADLYON2.UNIV-LYON2.FR</Data> 
            <Data Name="DnsServerList">fec0:0:0:ffff::1, fec0:0:0:ffff::2, fec0:0:0:ffff::3</Data> 
            <Data Name="Sent UpdateServer"><?></Data> 
            <Data Name="Ipaddress">192.168.5.1</Data> 
            <Data Name="ErrorCode">10051</Data> 
        </EventData>
    </Event>
</Event>